<?xml version="1.0" encoding="UTF-8"?>
<!-- Generated by org.testng.reporters.JUnitXMLReporter -->
<testsuite hostname="DESKTOP-R0ISDS6" name="Integration Tests" tests="3" failures="0" timestamp="26 Jan 2022 12:16:06 GMT" time="26.988" errors="0">
  <testcase name="signin" time="2.1" classname="org.tpjad.integration.AuthIntegrationTest"/>
  <testcase name="logout" time="2.1" classname="org.tpjad.integration.AuthIntegrationTest"/>
  <testcase name="addBook" time="3.238" classname="org.tpjad.integration.BookIntegrationTest"/>
</testsuite> <!-- Integration Tests -->
