<?xml version="1.0" encoding="UTF-8"?>
<testsuite xmlns:xsi="http://www.w3.org/2001/XMLSchema-instance" xsi:noNamespaceSchemaLocation="https://maven.apache.org/surefire/maven-surefire-plugin/xsd/surefire-test-report-3.0.xsd" version="3.0" name="org.tpjad.integration.AuthIntegrationTest" time="12.374" tests="1" errors="0" skipped="0" failures="1">
  <properties>
[...]
</properties>
  <testcase name="signin" classname="org.tpjad.integration.AuthIntegrationTest" time="4.198">
    <failure message="TypeError: browsingContext.currentWindowGlobal is null&#10;Build info: version: &apos;3.14.0&apos;, revision: &apos;aacccce0&apos;, time: &apos;2018-08-02T20:19:58.91Z&apos;&#10;System info: host: &apos;DESKTOP-R0ISDS6&apos;, ip: &apos;192.168.100.31&apos;, os.name: &apos;Windows 10&apos;, os.arch: &apos;amd64&apos;, os.version: &apos;10.0&apos;, java.version: &apos;1.8.0_311&apos;&#10;Driver info: org.openqa.selenium.firefox.FirefoxDriver&#10;Capabilities {acceptInsecureCerts: true, browserName: firefox, browserVersion: 95.0.1, javascriptEnabled: true, moz:accessibilityChecks: false, moz:buildID: 20211215221728, moz:geckodriverVersion: 0.30.0, moz:headless: false, moz:processID: 21520, moz:profile: C:\Users\hsmur\AppData\Loca..., moz:shutdownTimeout: 60000, moz:useNonSpecCompliantPointerOrigin: false, moz:webdriverClick: true, pageLoadStrategy: normal, platform: WINDOWS, platformName: WINDOWS, platformVersion: 10.0, proxy: Proxy(), setWindowRect: true, strictFileInteractability: false, timeouts: {implicit: 0, pageLoad: 300000, script: 30000}, unhandledPromptBehavior: dismiss and notify}&#10;Session ID: d582d588-2085-4275-9e31-6fcee07c9c44&#10;*** Element info: {Using=id, value=username}" type="org.openqa.selenium.WebDriverException"><![CDATA[org.openqa.selenium.WebDriverException: 
TypeError: browsingContext.currentWindowGlobal is null
Build info: version: '3.14.0', revision: 'aacccce0', time: '2018-08-02T20:19:58.91Z'
System info: host: 'DESKTOP-R0ISDS6', ip: '192.168.100.31', os.name: 'Windows 10', os.arch: 'amd64', os.version: '10.0', java.version: '1.8.0_311'
Driver info: org.openqa.selenium.firefox.FirefoxDriver
Capabilities {acceptInsecureCerts: true, browserName: firefox, browserVersion: 95.0.1, javascriptEnabled: true, moz:accessibilityChecks: false, moz:buildID: 20211215221728, moz:geckodriverVersion: 0.30.0, moz:headless: false, moz:processID: 21520, moz:profile: C:\Users\hsmur\AppData\Loca..., moz:shutdownTimeout: 60000, moz:useNonSpecCompliantPointerOrigin: false, moz:webdriverClick: true, pageLoadStrategy: normal, platform: WINDOWS, platformName: WINDOWS, platformVersion: 10.0, proxy: Proxy(), setWindowRect: true, strictFileInteractability: false, timeouts: {implicit: 0, pageLoad: 300000, script: 30000}, unhandledPromptBehavior: dismiss and notify}
Session ID: d582d588-2085-4275-9e31-6fcee07c9c44
*** Element info: {Using=id, value=username}
	at org.tpjad.integration.AuthIntegrationTest.signin(AuthIntegrationTest.java:30)
]]></failure>
    <system-out><![CDATA[2022-01-25 23:06:50,018 [main                  ] INFO                    org.apache.tapestry5.test.SeleniumTestCase Starting SeleniumTestCase:
    currentDir: E:\Projects\SDI\tpjad\Proiect\Ver1
  webAppFolder: src/main/webapp
     container: jetty7
   contextPath: 
         ports: 9090 / 8443
  browserStart: *firefox
       baseURL: http://localhost:9090/
2022-01-25 23:06:50,061 [main                  ] INFO                                    org.eclipse.jetty.util.log Logging initialized @1630ms to org.eclipse.jetty.util.log.Slf4jLog
2022-01-25 23:06:50,219 [main                  ] WARN               org.eclipse.jetty.server.handler.ContextHandler Empty contextPath
2022-01-25 23:06:50,223 [main                  ] INFO                               org.eclipse.jetty.server.Server jetty-9.4.14.v20181114; built: 2018-11-14T21:20:31.478Z; git: c4550056e785fb5665914545889f21dc136ad9e6; jvm 1.8.0_311-b11
2022-01-25 23:06:50,421 [main                  ] INFO          org.eclipse.jetty.webapp.StandardDescriptorProcessor NO JSP Support for /, did not find org.eclipse.jetty.jsp.JettyJspServlet
2022-01-25 23:06:50,431 [main                  ] INFO                              org.eclipse.jetty.server.session DefaultSessionIdManager workerName=node0
2022-01-25 23:06:50,432 [main                  ] INFO                              org.eclipse.jetty.server.session No SessionScavenger set, using defaults
2022-01-25 23:06:50,433 [main                  ] INFO                              org.eclipse.jetty.server.session node0 Scavenging every 660000ms
2022-01-25 23:06:50,492 [main                  ] INFO               org.eclipse.jetty.server.handler.ContextHandler Started o.e.j.w.WebAppContext@3a3e4aff{/,file:///E:/Projects/SDI/tpjad/Proiect/Ver1/src/main/webapp/,AVAILABLE}{E:\Projects\SDI\tpjad\Proiect\Ver1\src\main\webapp}
2022-01-25 23:06:50,511 [main                  ] INFO                    org.eclipse.jetty.server.AbstractConnector Started ServerConnector@3b7ff809{HTTP/1.1,[http/1.1]}{0.0.0.0:9090}
2022-01-25 23:06:50,511 [main                  ] INFO                               org.eclipse.jetty.server.Server Started @2082ms
2022-01-25 23:06:51,460 [main                  ] INFO                     io.github.bonigarcia.wdm.WebDriverManager Reading https://api.github.com/repos/mozilla/geckodriver/releases to seek wires, geckodriver
2022-01-25 23:06:51,594 [main                  ] INFO                     io.github.bonigarcia.wdm.WebDriverManager Latest version of wires, geckodriver is 0.30.0
2022-01-25 23:06:51,616 [main                  ] INFO                           io.github.bonigarcia.wdm.Downloader Using binary driver previously downloaded
2022-01-25 23:06:51,617 [main                  ] INFO                     io.github.bonigarcia.wdm.WebDriverManager Exporting webdriver.gecko.driver as C:\Users\hsmur\.m2\repository\webdriver\geckodriver\win64\0.30.0\geckodriver.exe
2022-01-25 23:06:56,520 [main                  ] INFO                    org.apache.tapestry5.test.SeleniumTestCase Executing public void org.tpjad.integration.AuthIntegrationTest.signin()
]]></system-out>
    <system-err><![CDATA[Jan 25, 2022 11:06:51 PM org.openqa.selenium.remote.DesiredCapabilities firefox
INFO: Using `new FirefoxOptions()` is preferred to `DesiredCapabilities.firefox()`
1643144811851	geckodriver	INFO	Listening on 127.0.0.1:5601
1643144812585	mozrunner::runner	INFO	Running command: "C:\\Program Files\\Mozilla Firefox\\firefox.exe" "--marionette" "-no-remote" "-profile" "C:\\Users\\hsmur\\AppData\\Local\\Temp\\rust_mozprofilehp16J1"
1643144813056	Marionette	INFO	Marionette enabled
console.warn: SearchSettings: "get: No settings file exists, new profile?" (new NotFoundError("Could not open the file at C:\\Users\\hsmur\\AppData\\Local\\Temp\\rust_mozprofilehp16J1\\search.json.mozlz4", (void 0)))
1643144816219	Marionette	INFO	Listening on port 59287
1643144816276	RemoteAgent	WARN	TLS certificate errors will be ignored for this session
Jan 25, 2022 11:06:56 PM org.openqa.selenium.remote.ProtocolHandshake createSession
INFO: Detected dialect: W3C
1643144820636	Marionette	INFO	Stopped listening on port 59287
Marionette threw an error: TypeError: browsingContext.currentWindowGlobal is null
getMarionetteCommandsActorProxy/get/<@chrome://remote/content/marionette/actors/MarionetteCommandsParent.jsm:326:29

console.warn: TopSitesFeed: Failed to fetch data from Contile server: NetworkError when attempting to fetch resource.
JavaScript error: chrome://remote/content/marionette/cert.js, line 55: NS_ERROR_NOT_AVAILABLE: Component returned failure code: 0x80040111 (NS_ERROR_NOT_AVAILABLE) [nsICertOverrideService.setDisableAllSecurityChecksAndLetAttackersInterceptMyData]
]]></system-err>
  </testcase>
</testsuite>